<?xml version="1.0" encoding="UTF-8"?>
<testsuite name="chuachua.ParserTest" tests="9" skipped="0" failures="0" errors="0" timestamp="2026-02-02T06:55:44" hostname="ariels-MacBook-Air-2.local" time="0.016">
  <properties/>
  <testcase name="parse_unknownCommand_throwsUnknownCommandException()" classname="chuachua.ParserTest" time="0.007"/>
  <testcase name="parseSavedTask_unknownType_throwsIllegalArgumentException()" classname="chuachua.ParserTest" time="0.001"/>
  <testcase name="parse_deadlineValid_returnsCommandDescBy()" classname="chuachua.ParserTest" time="0.001"/>
  <testcase name="parse_bye_returnsByeArray()" classname="chuachua.ParserTest" time="0.001"/>
  <testcase name="parse_eventValid_returnsCommandDescFromTo()" classname="chuachua.ParserTest" time="0.001"/>
  <testcase name="parse_markWithNumber_returnsCommandAndArg()" classname="chuachua.ParserTest" time="0.0"/>
  <testcase name="parse_deadlineMissingBy_throwsEmptyDescriptionException()" classname="chuachua.ParserTest" time="0.0"/>
  <testcase name="parse_eventMissingTo_throwsEmptyDescriptionException()" classname="chuachua.ParserTest" time="0.001"/>
  <testcase name="parse_markMissingNumber_throwsEmptyDescriptionException()" classname="chuachua.ParserTest" time="0.001"/>
  <system-out><![CDATA[]]></system-out>
  <system-err><![CDATA[]]></system-err>
</testsuite>
